# JRE version: Java(TM) SE Runtime Environment (12.0.2+10) (build 12.0.2+10)
# Java VM: Java HotSpot(TM) 64-Bit Server VM (12.0.2+10, mixed mode, sharing, tiered, compressed oops, g1 gc, windows-amd64)
Heap:
 garbage-first heap   total 48128K, used 24628K [0x0000000082200000, 0x0000000100000000)
  region size 1024K, 10 young (10240K), 2 survivors (2048K)
 Metaspace       used 34531K, capacity 35794K, committed 36012K, reserved 1081344K
  class space    used 4486K, capacity 4996K, committed 5120K, reserved 1048576K
GC Heap History (10 events):
Event: 6.891 GC heap before
{Heap before GC invocations=7 (full 0):
 garbage-first heap   total 48128K, used 33176K [0x0000000082200000, 0x0000000100000000)
  region size 1024K, 25 young (25600K), 4 survivors (4096K)
 Metaspace       used 24007K, capacity 25104K, committed 25216K, reserved 1071104K
  class space    used 3189K, capacity 3618K, committed 3712K, reserved 1048576K
}
Event: 6.896 GC heap after
{Heap after GC invocations=8 (full 0):
 garbage-first heap   total 48128K, used 13739K [0x0000000082200000, 0x0000000100000000)
  region size 1024K, 3 young (3072K), 3 survivors (3072K)
 Metaspace       used 24007K, capacity 25104K, committed 25216K, reserved 1071104K
  class space    used 3189K, capacity 3618K, committed 3712K, reserved 1048576K
}
Event: 7.250 GC heap before
{Heap before GC invocations=8 (full 0):
 garbage-first heap   total 48128K, used 35243K [0x0000000082200000, 0x0000000100000000)
  region size 1024K, 24 young (24576K), 3 survivors (3072K)
 Metaspace       used 28202K, capacity 29289K, committed 29568K, reserved 1075200K
  class space    used 3744K, capacity 4182K, committed 4224K, reserved 1048576K
}
Event: 7.253 GC heap after
{Heap after GC invocations=9 (full 0):
 garbage-first heap   total 48128K, used 14548K [0x0000000082200000, 0x0000000100000000)
  region size 1024K, 2 young (2048K), 2 survivors (2048K)
 Metaspace       used 28202K, capacity 29289K, committed 29568K, reserved 1075200K
  class space    used 3744K, capacity 4182K, committed 4224K, reserved 1048576K
}
Event: 7.465 GC heap before
{Heap before GC invocations=9 (full 0):
 garbage-first heap   total 48128K, used 36052K [0x0000000082200000, 0x0000000100000000)
  region size 1024K, 23 young (23552K), 2 survivors (2048K)
 Metaspace       used 30197K, capacity 31432K, committed 31744K, reserved 1077248K
  class space    used 4007K, capacity 4507K, committed 4608K, reserved 1048576K
}
Event: 7.470 GC heap after
{Heap after GC invocations=10 (full 0):
 garbage-first heap   total 48128K, used 16373K [0x0000000082200000, 0x0000000100000000)
  region size 1024K, 3 young (3072K), 3 survivors (3072K)
 Metaspace       used 30197K, capacity 31432K, committed 31744K, reserved 1077248K
  class space    used 4007K, capacity 4507K, committed 4608K, reserved 1048576K
}
Event: 45.842 GC heap before
{Heap before GC invocations=10 (full 0):
 garbage-first heap   total 48128K, used 36853K [0x0000000082200000, 0x0000000100000000)
  region size 1024K, 23 young (23552K), 3 survivors (3072K)
 Metaspace       used 33570K, capacity 34862K, committed 34944K, reserved 1079296K
  class space    used 4397K, capacity 4924K, committed 4992K, reserved 1048576K
}
Event: 45.849 GC heap after
{Heap after GC invocations=11 (full 0):
 garbage-first heap   total 48128K, used 17440K [0x0000000082200000, 0x0000000100000000)
  region size 1024K, 2 young (2048K), 2 survivors (2048K)
 Metaspace       used 33570K, capacity 34862K, committed 34944K, reserved 1079296K
  class space    used 4397K, capacity 4924K, committed 4992K, reserved 1048576K
}
Event: 53.762 GC heap before
{Heap before GC invocations=11 (full 0):
 garbage-first heap   total 48128K, used 21536K [0x0000000082200000, 0x0000000100000000)
  region size 1024K, 7 young (7168K), 2 survivors (2048K)
 Metaspace       used 34329K, capacity 35566K, committed 35628K, reserved 1079296K
  class space    used 4465K, capacity 4988K, committed 4992K, reserved 1048576K
}
Event: 53.767 GC heap after
{Heap after GC invocations=12 (full 0):
 garbage-first heap   total 48128K, used 17460K [0x0000000082200000, 0x0000000100000000)
  region size 1024K, 2 young (2048K), 2 survivors (2048K)
 Metaspace       used 34329K, capacity 35566K, committed 35628K, reserved 1079296K
  class space    used 4465K, capacity 4988K, committed 4992K, reserved 1048576K
}

