# JRE version: Java(TM) SE Runtime Environment (12.0.2+10) (build 12.0.2+10)
# Java VM: Java HotSpot(TM) 64-Bit Server VM (12.0.2+10, mixed mode, sharing, tiered, compressed oops, g1 gc, windows-amd64)
Heap:
 garbage-first heap   total 53248K, used 27993K [0x0000000082200000, 0x0000000100000000)
  region size 1024K, 7 young (7168K), 1 survivors (1024K)
 Metaspace       used 43766K, capacity 45140K, committed 45356K, reserved 1089536K
  class space    used 5379K, capacity 5923K, committed 6016K, reserved 1048576K
GC Heap History (10 events):
Event: 656.101 GC heap before
{Heap before GC invocations=14 (full 0):
 garbage-first heap   total 53248K, used 31969K [0x0000000082200000, 0x0000000100000000)
  region size 1024K, 15 young (15360K), 2 survivors (2048K)
 Metaspace       used 41873K, capacity 43265K, committed 43436K, reserved 1087488K
  class space    used 5256K, capacity 5776K, committed 5888K, reserved 1048576K
}
Event: 656.106 GC heap after
{Heap after GC invocations=15 (full 0):
 garbage-first heap   total 53248K, used 22180K [0x0000000082200000, 0x0000000100000000)
  region size 1024K, 2 young (2048K), 2 survivors (2048K)
 Metaspace       used 41873K, capacity 43265K, committed 43436K, reserved 1087488K
  class space    used 5256K, capacity 5776K, committed 5888K, reserved 1048576K
}
Event: 870.227 GC heap before
{Heap before GC invocations=15 (full 0):
 garbage-first heap   total 53248K, used 34468K [0x0000000082200000, 0x0000000100000000)
  region size 1024K, 14 young (14336K), 2 survivors (2048K)
 Metaspace       used 43385K, capacity 44749K, committed 44844K, reserved 1087488K
  class space    used 5378K, capacity 5923K, committed 6016K, reserved 1048576K
}
Event: 870.338 GC heap after
{Heap after GC invocations=16 (full 0):
 garbage-first heap   total 53248K, used 22812K [0x0000000082200000, 0x0000000100000000)
  region size 1024K, 1 young (1024K), 1 survivors (1024K)
 Metaspace       used 43385K, capacity 44749K, committed 44844K, reserved 1087488K
  class space    used 5378K, capacity 5923K, committed 6016K, reserved 1048576K
}
Event: 1161.057 GC heap before
{Heap before GC invocations=16 (full 0):
 garbage-first heap   total 53248K, used 35100K [0x0000000082200000, 0x0000000100000000)
  region size 1024K, 13 young (13312K), 1 survivors (1024K)
 Metaspace       used 43403K, capacity 44749K, committed 44844K, reserved 1087488K
  class space    used 5379K, capacity 5923K, committed 6016K, reserved 1048576K
}
Event: 1161.648 GC heap after
{Heap after GC invocations=17 (full 0):
 garbage-first heap   total 53248K, used 22903K [0x0000000082200000, 0x0000000100000000)
  region size 1024K, 1 young (1024K), 1 survivors (1024K)
 Metaspace       used 43403K, capacity 44749K, committed 44844K, reserved 1087488K
  class space    used 5379K, capacity 5923K, committed 6016K, reserved 1048576K
}
Event: 1443.895 GC heap before
{Heap before GC invocations=17 (full 0):
 garbage-first heap   total 53248K, used 36215K [0x0000000082200000, 0x0000000100000000)
  region size 1024K, 14 young (14336K), 1 survivors (1024K)
 Metaspace       used 43458K, capacity 44814K, committed 45100K, reserved 1089536K
  class space    used 5379K, capacity 5923K, committed 6016K, reserved 1048576K
}
Event: 1443.963 GC heap after
{Heap after GC invocations=18 (full 0):
 garbage-first heap   total 53248K, used 22876K [0x0000000082200000, 0x0000000100000000)
  region size 1024K, 1 young (1024K), 1 survivors (1024K)
 Metaspace       used 43458K, capacity 44814K, committed 45100K, reserved 1089536K
  class space    used 5379K, capacity 5923K, committed 6016K, reserved 1048576K
}
Event: 1705.097 GC heap before
{Heap before GC invocations=18 (full 0):
 garbage-first heap   total 53248K, used 36188K [0x0000000082200000, 0x0000000100000000)
  region size 1024K, 14 young (14336K), 1 survivors (1024K)
 Metaspace       used 43765K, capacity 45140K, committed 45356K, reserved 1089536K
  class space    used 5379K, capacity 5923K, committed 6016K, reserved 1048576K
}
Event: 1705.481 GC heap after
{Heap after GC invocations=19 (full 0):
 garbage-first heap   total 53248K, used 22873K [0x0000000082200000, 0x0000000100000000)
  region size 1024K, 1 young (1024K), 1 survivors (1024K)
 Metaspace       used 43765K, capacity 45140K, committed 45356K, reserved 1089536K
  class space    used 5379K, capacity 5923K, committed 6016K, reserved 1048576K
}

