# JRE version: Java(TM) SE Runtime Environment (12.0.2+10) (build 12.0.2+10)
# Java VM: Java HotSpot(TM) 64-Bit Server VM (12.0.2+10, mixed mode, sharing, tiered, compressed oops, g1 gc, windows-amd64)
Heap:
 garbage-first heap   total 48128K, used 21812K [0x0000000082200000, 0x0000000100000000)
  region size 1024K, 7 young (7168K), 2 survivors (2048K)
 Metaspace       used 34491K, capacity 35770K, committed 35884K, reserved 1081344K
  class space    used 4480K, capacity 4988K, committed 4992K, reserved 1048576K
GC Heap History (10 events):
Event: 6.402 GC heap before
{Heap before GC invocations=7 (full 0):
 garbage-first heap   total 48128K, used 32128K [0x0000000082200000, 0x0000000100000000)
  region size 1024K, 24 young (24576K), 4 survivors (4096K)
 Metaspace       used 23983K, capacity 25052K, committed 25216K, reserved 1071104K
  class space    used 3182K, capacity 3618K, committed 3712K, reserved 1048576K
}
Event: 6.407 GC heap after
{Heap after GC invocations=8 (full 0):
 garbage-first heap   total 48128K, used 13604K [0x0000000082200000, 0x0000000100000000)
  region size 1024K, 3 young (3072K), 3 survivors (3072K)
 Metaspace       used 23983K, capacity 25052K, committed 25216K, reserved 1071104K
  class space    used 3182K, capacity 3618K, committed 3712K, reserved 1048576K
}
Event: 6.572 GC heap before
{Heap before GC invocations=8 (full 0):
 garbage-first heap   total 48128K, used 33060K [0x0000000082200000, 0x0000000100000000)
  region size 1024K, 23 young (23552K), 3 survivors (3072K)
 Metaspace       used 28182K, capacity 29295K, committed 29568K, reserved 1075200K
  class space    used 3740K, capacity 4180K, committed 4224K, reserved 1048576K
}
Event: 6.575 GC heap after
{Heap after GC invocations=9 (full 0):
 garbage-first heap   total 48128K, used 14584K [0x0000000082200000, 0x0000000100000000)
  region size 1024K, 2 young (2048K), 2 survivors (2048K)
 Metaspace       used 28182K, capacity 29295K, committed 29568K, reserved 1075200K
  class space    used 3740K, capacity 4180K, committed 4224K, reserved 1048576K
}
Event: 6.751 GC heap before
{Heap before GC invocations=9 (full 0):
 garbage-first heap   total 48128K, used 34040K [0x0000000082200000, 0x0000000100000000)
  region size 1024K, 22 young (22528K), 2 survivors (2048K)
 Metaspace       used 29886K, capacity 31087K, committed 31360K, reserved 1077248K
  class space    used 3964K, capacity 4452K, committed 4480K, reserved 1048576K
}
Event: 6.755 GC heap after
{Heap after GC invocations=10 (full 0):
 garbage-first heap   total 48128K, used 16022K [0x0000000082200000, 0x0000000100000000)
  region size 1024K, 3 young (3072K), 3 survivors (3072K)
 Metaspace       used 29886K, capacity 31087K, committed 31360K, reserved 1077248K
  class space    used 3964K, capacity 4452K, committed 4480K, reserved 1048576K
}
Event: 15.579 GC heap before
{Heap before GC invocations=10 (full 0):
 garbage-first heap   total 48128K, used 34454K [0x0000000082200000, 0x0000000100000000)
  region size 1024K, 22 young (22528K), 3 survivors (3072K)
 Metaspace       used 32776K, capacity 33998K, committed 34048K, reserved 1079296K
  class space    used 4318K, capacity 4824K, committed 4864K, reserved 1048576K
}
Event: 15.584 GC heap after
{Heap after GC invocations=11 (full 0):
 garbage-first heap   total 48128K, used 17428K [0x0000000082200000, 0x0000000100000000)
  region size 1024K, 3 young (3072K), 3 survivors (3072K)
 Metaspace       used 32776K, capacity 33998K, committed 34048K, reserved 1079296K
  class space    used 4318K, capacity 4824K, committed 4864K, reserved 1048576K
}
Event: 18.315 GC heap before
{Heap before GC invocations=11 (full 0):
 garbage-first heap   total 48128K, used 24596K [0x0000000082200000, 0x0000000100000000)
  region size 1024K, 11 young (11264K), 3 survivors (3072K)
 Metaspace       used 34359K, capacity 35575K, committed 35628K, reserved 1079296K
  class space    used 4464K, capacity 4987K, committed 4992K, reserved 1048576K
}
Event: 18.320 GC heap after
{Heap after GC invocations=12 (full 0):
 garbage-first heap   total 48128K, used 17716K [0x0000000082200000, 0x0000000100000000)
  region size 1024K, 2 young (2048K), 2 survivors (2048K)
 Metaspace       used 34359K, capacity 35575K, committed 35628K, reserved 1079296K
  class space    used 4464K, capacity 4987K, committed 4992K, reserved 1048576K
}

