# JRE version: Java(TM) SE Runtime Environment (12.0.2+10) (build 12.0.2+10)
# Java VM: Java HotSpot(TM) 64-Bit Server VM (12.0.2+10, mixed mode, sharing, tiered, compressed oops, g1 gc, windows-amd64)
Heap:
 garbage-first heap   total 48128K, used 29937K [0x0000000082200000, 0x0000000100000000)
  region size 1024K, 15 young (15360K), 2 survivors (2048K)
 Metaspace       used 34491K, capacity 35778K, committed 35884K, reserved 1081344K
  class space    used 4482K, capacity 4990K, committed 4992K, reserved 1048576K
GC Heap History (10 events):
Event: 8.729 GC heap before
{Heap before GC invocations=7 (full 0):
 garbage-first heap   total 48128K, used 32109K [0x0000000082200000, 0x0000000100000000)
  region size 1024K, 24 young (24576K), 4 survivors (4096K)
 Metaspace       used 23973K, capacity 25051K, committed 25216K, reserved 1071104K
  class space    used 3185K, capacity 3618K, committed 3712K, reserved 1048576K
}
Event: 8.734 GC heap after
{Heap after GC invocations=8 (full 0):
 garbage-first heap   total 48128K, used 13817K [0x0000000082200000, 0x0000000100000000)
  region size 1024K, 3 young (3072K), 3 survivors (3072K)
 Metaspace       used 23973K, capacity 25051K, committed 25216K, reserved 1071104K
  class space    used 3185K, capacity 3618K, committed 3712K, reserved 1048576K
}
Event: 8.949 GC heap before
{Heap before GC invocations=8 (full 0):
 garbage-first heap   total 48128K, used 34297K [0x0000000082200000, 0x0000000100000000)
  region size 1024K, 23 young (23552K), 3 survivors (3072K)
 Metaspace       used 28155K, capacity 29233K, committed 29312K, reserved 1075200K
  class space    used 3742K, capacity 4181K, committed 4224K, reserved 1048576K
}
Event: 8.952 GC heap after
{Heap after GC invocations=9 (full 0):
 garbage-first heap   total 48128K, used 14582K [0x0000000082200000, 0x0000000100000000)
  region size 1024K, 2 young (2048K), 2 survivors (2048K)
 Metaspace       used 28155K, capacity 29233K, committed 29312K, reserved 1075200K
  class space    used 3742K, capacity 4181K, committed 4224K, reserved 1048576K
}
Event: 9.134 GC heap before
{Heap before GC invocations=9 (full 0):
 garbage-first heap   total 48128K, used 35062K [0x0000000082200000, 0x0000000100000000)
  region size 1024K, 22 young (22528K), 2 survivors (2048K)
 Metaspace       used 29973K, capacity 31207K, committed 31360K, reserved 1077248K
  class space    used 3982K, capacity 4471K, committed 4480K, reserved 1048576K
}
Event: 9.139 GC heap after
{Heap after GC invocations=10 (full 0):
 garbage-first heap   total 48128K, used 16009K [0x0000000082200000, 0x0000000100000000)
  region size 1024K, 3 young (3072K), 3 survivors (3072K)
 Metaspace       used 29973K, capacity 31207K, committed 31360K, reserved 1077248K
  class space    used 3982K, capacity 4471K, committed 4480K, reserved 1048576K
}
Event: 111.643 GC heap before
{Heap before GC invocations=10 (full 0):
 garbage-first heap   total 48128K, used 34441K [0x0000000082200000, 0x0000000100000000)
  region size 1024K, 22 young (22528K), 3 survivors (3072K)
 Metaspace       used 32552K, capacity 33782K, committed 34048K, reserved 1079296K
  class space    used 4296K, capacity 4795K, committed 4864K, reserved 1048576K
}
Event: 111.659 GC heap after
{Heap after GC invocations=11 (full 0):
 garbage-first heap   total 48128K, used 17528K [0x0000000082200000, 0x0000000100000000)
  region size 1024K, 2 young (2048K), 2 survivors (2048K)
 Metaspace       used 32552K, capacity 33782K, committed 34048K, reserved 1079296K
  class space    used 4296K, capacity 4795K, committed 4864K, reserved 1048576K
}
Event: 283.694 GC heap before
{Heap before GC invocations=11 (full 0):
 garbage-first heap   total 48128K, used 29816K [0x0000000082200000, 0x0000000100000000)
  region size 1024K, 15 young (15360K), 2 survivors (2048K)
 Metaspace       used 34302K, capacity 35577K, committed 35628K, reserved 1079296K
  class space    used 4464K, capacity 4988K, committed 4992K, reserved 1048576K
}
Event: 283.701 GC heap after
{Heap after GC invocations=12 (full 0):
 garbage-first heap   total 48128K, used 17649K [0x0000000082200000, 0x0000000100000000)
  region size 1024K, 2 young (2048K), 2 survivors (2048K)
 Metaspace       used 34302K, capacity 35577K, committed 35628K, reserved 1079296K
  class space    used 4464K, capacity 4988K, committed 4992K, reserved 1048576K
}

